<?xml version="1.0" encoding="UTF-8"?>
<!-- Generated by org.testng.reporters.JUnitReportReporter -->
<testsuite skipped="0" hostname="DESKTOP-27L8JE7" name="testcases.PaymentManager" tests="6" failures="0" timestamp="2021-08-11T08:48:21 IST" time="0.026" errors="0">
  <testcase name="applyDiscount" time="0.010" classname="testcases.PaymentManager"/>
  <system-out/>
  <testcase name="makePayment" time="0.004" classname="testcases.PaymentManager"/>
  <system-out/>
  <testcase name="applyDiscount" time="0.004" classname="testcases.PaymentManager"/>
  <system-out/>
  <testcase name="applyDiscount" time="0.003" classname="testcases.PaymentManager"/>
  <system-out/>
  <testcase name="makePayment" time="0.003" classname="testcases.PaymentManager"/>
  <system-out/>
  <testcase name="makePayment" time="0.002" classname="testcases.PaymentManager"/>
  <system-out/>
</testsuite> <!-- testcases.PaymentManager -->
