<?xml version="1.0" encoding="UTF-8"?>
<!-- Generated by org.testng.reporters.JUnitReportReporter -->
<testsuite skipped="0" hostname="DESKTOP-27L8JE7" name="testcases.BookingSearch" tests="3" failures="0" timestamp="2021-08-12T08:42:25 IST" time="0.015" errors="0">
  <testcase name="enterGuestInfo" time="0.000" classname="testcases.BookingSearch"/>
  <system-out/>
  <testcase name="searchHotel" time="0.014" classname="testcases.BookingSearch"/>
  <system-out/>
  <testcase name="selectHotel" time="0.001" classname="testcases.BookingSearch"/>
  <system-out/>
</testsuite> <!-- testcases.BookingSearch -->
