<?xml version="1.0" encoding="UTF-8"?>
<!-- Generated by org.testng.reporters.JUnitReportReporter -->
<testsuite skipped="0" hostname="DESKTOP-27L8JE7" name="testcases.BookingSearch" tests="9" failures="0" timestamp="2021-08-11T08:48:21 IST" time="0.071" errors="0">
  <testcase name="selectHotel" time="0.008" classname="testcases.BookingSearch"/>
  <system-out/>
  <testcase name="loadBooking" time="0.001" classname="testcases.BookingSearch"/>
  <system-out/>
  <testcase name="searchHotel" time="0.036" classname="testcases.BookingSearch"/>
  <system-out/>
  <testcase name="enterGuestInfo" time="0.002" classname="testcases.BookingSearch"/>
  <system-out/>
  <testcase name="enterGuestInfo" time="0.004" classname="testcases.BookingSearch"/>
  <system-out/>
  <testcase name="selectHotel" time="0.004" classname="testcases.BookingSearch"/>
  <system-out/>
  <testcase name="searchHotel" time="0.003" classname="testcases.BookingSearch"/>
  <system-out/>
  <testcase name="selectHotel" time="0.011" classname="testcases.BookingSearch"/>
  <system-out/>
  <testcase name="enterGuestInfo" time="0.002" classname="testcases.BookingSearch"/>
  <system-out/>
</testsuite> <!-- testcases.BookingSearch -->
