<?xml version="1.0" encoding="UTF-8"?>
<!-- Generated by org.testng.reporters.JUnitReportReporter -->
<testsuite skipped="0" hostname="DESKTOP-27L8JE7" name="testcases.PaymentManager" tests="3" failures="0" timestamp="2021-08-16T07:53:41 IST" time="0.003" errors="0">
  <testcase name="applyDiscount" time="0.001" classname="testcases.PaymentManager"/>
  <system-out/>
  <testcase name="makePayment" time="0.000" classname="testcases.PaymentManager"/>
  <system-out/>
  <testcase name="makePayment" time="0.002" classname="testcases.PaymentManager"/>
  <system-out/>
</testsuite> <!-- testcases.PaymentManager -->
