<?xml version="1.0" encoding="UTF-8"?>
<!-- Generated by org.testng.reporters.JUnitReportReporter -->
<testsuite skipped="0" hostname="DESKTOP-27L8JE7" name="testcases.CustomerCommunications" tests="1" failures="0" timestamp="2021-08-12T08:42:25 IST" time="0.000" errors="0">
  <testcase name="checkEmail" time="0.000" classname="testcases.CustomerCommunications"/>
  <system-out/>
</testsuite> <!-- testcases.CustomerCommunications -->
