<?xml version="1.0" encoding="UTF-8"?>
<!-- Generated by org.testng.reporters.JUnitReportReporter -->
<testsuite skipped="0" hostname="DESKTOP-27L8JE7" name="testcases.CustomerCommunications" tests="3" failures="0" timestamp="2021-08-16T07:53:07 IST" time="0.037" errors="0">
  <testcase name="checkEmail" time="0.010" classname="testcases.CustomerCommunications"/>
  <system-out/>
  <testcase name="checkEmail" time="0.024" classname="testcases.CustomerCommunications"/>
  <system-out/>
  <testcase name="checkEmail" time="0.003" classname="testcases.CustomerCommunications"/>
  <system-out/>
</testsuite> <!-- testcases.CustomerCommunications -->
