<?xml version="1.0" encoding="UTF-8"?>
<!-- Generated by org.testng.reporters.JUnitReportReporter -->
<testsuite skipped="0" hostname="DESKTOP-27L8JE7" name="testcases.BookingSearch" tests="6" failures="0" timestamp="2021-08-16T07:53:41 IST" time="0.027" errors="0">
  <testcase name="searchHotel" time="0.024" classname="testcases.BookingSearch"/>
  <system-out/>
  <testcase name="selectHotel" time="0.000" classname="testcases.BookingSearch"/>
  <system-out/>
  <testcase name="enterGuestInfo" time="0.003" classname="testcases.BookingSearch"/>
  <system-out/>
  <testcase name="enterGuestInfo" time="0.000" classname="testcases.BookingSearch"/>
  <system-out/>
  <testcase name="selectHotel" time="0.000" classname="testcases.BookingSearch"/>
  <system-out/>
  <testcase name="searchHotel" time="0.000" classname="testcases.BookingSearch"/>
  <system-out/>
</testsuite> <!-- testcases.BookingSearch -->
