<?xml version="1.0" encoding="UTF-8"?>
<!-- Generated by org.testng.reporters.JUnitReportReporter -->
<testsuite skipped="0" hostname="DESKTOP-27L8JE7" name="testcases.Login" tests="1" failures="0" timestamp="2021-08-12T08:02:33 IST" time="0.007" errors="0">
  <testcase name="login" time="0.007" classname="testcases.Login"/>
  <system-out/>
</testsuite> <!-- testcases.Login -->
