<?xml version="1.0" encoding="UTF-8"?>
<!-- Generated by org.testng.reporters.JUnitReportReporter -->
<testsuite skipped="0" hostname="DESKTOP-27L8JE7" name="com.project.July7_30AM_Maven_SeleniumBatch.RadioButton1" tests="2" failures="0" timestamp="03 Aug 2021 02:45:07 GMT" time="93.121" errors="0">
  <testcase name="checkboxTest" time="31.614" classname="com.project.July7_30AM_Maven_SeleniumBatch.RadioButton1"/>
  <testcase name="checkboxTest" time="61.507" classname="com.project.July7_30AM_Maven_SeleniumBatch.RadioButton1"/>
</testsuite> <!-- com.project.July7_30AM_Maven_SeleniumBatch.RadioButton1 -->
