<?xml version="1.0" encoding="UTF-8"?>
<!-- Generated by org.testng.reporters.JUnitReportReporter -->
<testsuite skipped="0" hostname="DESKTOP-27L8JE7" name="com.project.July7_30AM_Maven_SeleniumBatch.LinksTesting1" tests="2" failures="0" timestamp="03 Aug 2021 02:45:07 GMT" time="112.583" errors="0">
  <testcase name="linktesting1" time="27.361" classname="com.project.July7_30AM_Maven_SeleniumBatch.LinksTesting1"/>
  <testcase name="linktesting1" time="85.222" classname="com.project.July7_30AM_Maven_SeleniumBatch.LinksTesting1"/>
</testsuite> <!-- com.project.July7_30AM_Maven_SeleniumBatch.LinksTesting1 -->
