<?xml version="1.0" encoding="UTF-8"?>
<!-- Generated by org.testng.reporters.JUnitReportReporter -->
<testsuite skipped="0" hostname="DESKTOP-27L8JE7" name="com.project.July7_30AM_Maven_SeleniumBatch.TNG_003" tests="2" failures="0" timestamp="03 Aug 2021 02:45:07 GMT" time="171.823" errors="0">
  <testcase name="amazon" time="87.697" classname="com.project.July7_30AM_Maven_SeleniumBatch.TNG_003"/>
  <testcase name="amazon" time="84.126" classname="com.project.July7_30AM_Maven_SeleniumBatch.TNG_003"/>
</testsuite> <!-- com.project.July7_30AM_Maven_SeleniumBatch.TNG_003 -->
